Drill report for /opt/dev/git_work/VIOBOARD_V1_Schematics/BBB_SHIELD_V2/BBB_SHIELD_V2.kicad_pcb
Created on Mon 05 Aug 2019 08:33:27 PM CDT

Copper Layer Stackup:
    =============================================================
    L1 :  F.Cu                      front
    L2 :  In1.Cu                    in1
    L3 :  In2.Cu                    in2
    L4 :  B.Cu                      back


Drill file 'BBB_SHIELD_V2.drl' contains
    plated through holes:
    =============================================================
    T1  0.30mm  0.012"  (195 holes)
    T2  0.40mm  0.016"  (9 holes)
    T3  0.50mm  0.020"  (8 holes)
    T4  0.65mm  0.026"  (10 holes)
    T5  0.75mm  0.030"  (53 holes)
    T6  0.80mm  0.031"  (15 holes)
    T7  1.00mm  0.039"  (128 holes)
    T8  1.10mm  0.043"  (14 holes)
    T9  1.30mm  0.051"  (6 holes)
    T10  3.20mm  0.126"  (4 holes)

    Total plated holes count 442


Not plated through holes are merged with plated holes
    unplated through holes:
    =============================================================

    Total unplated holes count 0
